<?xml version="1.0" encoding="UTF-8"?>
<testng-results ignored="0" total="1" passed="1" failed="0" skipped="0">
  <reporter-output>
  </reporter-output>
  <suite started-at="2022-03-23T08:25:51Z" name="Suite" finished-at="2022-03-23T08:25:55Z" duration-ms="4185">
    <groups>
    </groups>
    <test started-at="2022-03-23T08:25:51Z" name="Run on CHROME" finished-at="2022-03-23T08:25:55Z" duration-ms="4185">
      <class name="com.tiktokpixels.TC_01_VerifyCanAddANewPixel">
        <test-method is-config="true" signature="beforeClass(java.lang.String)[pri:0, instance:com.tiktokpixels.TC_01_VerifyCanAddANewPixel@3ec300f1]" started-at="2022-03-23T08:25:51Z" name="beforeClass" finished-at="2022-03-23T08:25:54Z" duration-ms="2937" status="PASS">
          <params>
            <param index="0">
              <value>
                <![CDATA[chrome]]>
              </value>
            </param>
          </params>
          <reporter-output>
          </reporter-output>
        </test-method> <!-- beforeClass -->
        <test-method signature="TC_VerifyCanAddANewPixel()[pri:0, instance:com.tiktokpixels.TC_01_VerifyCanAddANewPixel@3ec300f1]" started-at="2022-03-23T08:25:54Z" name="TC_VerifyCanAddANewPixel" finished-at="2022-03-23T08:25:55Z" duration-ms="1159" status="PASS">
          <exception class="java.lang.AssertionError">
            <message>
              <![CDATA[expected [Active] but found [Info
Active]]]>
            </message>
            <full-stacktrace>
              <![CDATA[java.lang.AssertionError: expected [Active] but found [Info
Active]
at org.testng.Assert.fail(Assert.java:96)
at org.testng.Assert.failNotEquals(Assert.java:776)
at org.testng.Assert.assertEqualsImpl(Assert.java:137)
at org.testng.Assert.assertEquals(Assert.java:118)
at org.testng.Assert.assertEquals(Assert.java:442)
at commons.AbstractTest.checkEquals(AbstractTest.java:83)
at commons.AbstractTest.verifyEquals(AbstractTest.java:96)
at com.tiktokpixels.TC_01_VerifyCanAddANewPixel.TC_VerifyCanAddANewPixel(TC_01_VerifyCanAddANewPixel.java:53)
at java.base/jdk.internal.reflect.NativeMethodAccessorImpl.invoke0(Native Method)
at java.base/jdk.internal.reflect.NativeMethodAccessorImpl.invoke(NativeMethodAccessorImpl.java:77)
at java.base/jdk.internal.reflect.DelegatingMethodAccessorImpl.invoke(DelegatingMethodAccessorImpl.java:43)
at java.base/java.lang.reflect.Method.invoke(Method.java:568)
at org.testng.internal.MethodInvocationHelper.invokeMethod(MethodInvocationHelper.java:124)
at org.testng.internal.Invoker.invokeMethod(Invoker.java:583)
at org.testng.internal.Invoker.invokeTestMethod(Invoker.java:719)
at org.testng.internal.Invoker.invokeTestMethods(Invoker.java:989)
at org.testng.internal.TestMethodWorker.invokeTestMethods(TestMethodWorker.java:125)
at org.testng.internal.TestMethodWorker.run(TestMethodWorker.java:109)
at org.testng.TestRunner.privateRun(TestRunner.java:648)
at org.testng.TestRunner.run(TestRunner.java:505)
at org.testng.SuiteRunner.runTest(SuiteRunner.java:455)
at org.testng.SuiteRunner.runSequentially(SuiteRunner.java:450)
at org.testng.SuiteRunner.privateRun(SuiteRunner.java:415)
at org.testng.SuiteRunner.run(SuiteRunner.java:364)
at org.testng.SuiteRunnerWorker.runSuite(SuiteRunnerWorker.java:52)
at org.testng.SuiteRunnerWorker.run(SuiteRunnerWorker.java:84)
at org.testng.TestNG.runSuitesSequentially(TestNG.java:1208)
at org.testng.TestNG.runSuitesLocally(TestNG.java:1137)
at org.testng.TestNG.runSuites(TestNG.java:1049)
at org.testng.TestNG.run(TestNG.java:1017)
at org.testng.remote.AbstractRemoteTestNG.run(AbstractRemoteTestNG.java:115)
at org.testng.remote.RemoteTestNG.initAndRun(RemoteTestNG.java:251)
at org.testng.remote.RemoteTestNG.main(RemoteTestNG.java:77)
]]>
            </full-stacktrace>
          </exception> <!-- java.lang.AssertionError -->
          <reporter-output>
          </reporter-output>
        </test-method> <!-- TC_VerifyCanAddANewPixel -->
        <test-method is-config="true" signature="afterClass()[pri:0, instance:com.tiktokpixels.TC_01_VerifyCanAddANewPixel@3ec300f1]" started-at="2022-03-23T08:25:55Z" name="afterClass" finished-at="2022-03-23T08:25:55Z" duration-ms="85" status="PASS">
          <reporter-output>
          </reporter-output>
        </test-method> <!-- afterClass -->
      </class> <!-- com.tiktokpixels.TC_01_VerifyCanAddANewPixel -->
    </test> <!-- Run on CHROME -->
  </suite> <!-- Suite -->
</testng-results>
